2021-07-14 13:21:16,911 INFO o.a.j.u.JMeterUtils: Setting Locale to en_EN
2021-07-14 13:21:16,940 INFO o.a.j.JMeter: Loading user properties from: user.properties
2021-07-14 13:21:16,942 INFO o.a.j.JMeter: Loading system properties from: system.properties
2021-07-14 13:21:16,960 INFO o.a.j.JMeter: Copyright (c) 1998-2021 The Apache Software Foundation
2021-07-14 13:21:16,961 INFO o.a.j.JMeter: Version 5.4.1
2021-07-14 13:21:16,961 INFO o.a.j.JMeter: java.version=1.8.0_291
2021-07-14 13:21:16,961 INFO o.a.j.JMeter: java.vm.name=Java HotSpot(TM) 64-Bit Server VM
2021-07-14 13:21:16,961 INFO o.a.j.JMeter: os.name=Windows 10
2021-07-14 13:21:16,961 INFO o.a.j.JMeter: os.arch=amd64
2021-07-14 13:21:16,961 INFO o.a.j.JMeter: os.version=10.0
2021-07-14 13:21:16,962 INFO o.a.j.JMeter: file.encoding=Cp1252
2021-07-14 13:21:16,962 INFO o.a.j.JMeter: java.awt.headless=null
2021-07-14 13:21:16,963 INFO o.a.j.JMeter: Max memory     =1073741824
2021-07-14 13:21:16,963 INFO o.a.j.JMeter: Available Processors =4
2021-07-14 13:21:16,974 INFO o.a.j.JMeter: Default Locale=English (EN)
2021-07-14 13:21:16,974 INFO o.a.j.JMeter: JMeter  Locale=English (EN)
2021-07-14 13:21:16,975 INFO o.a.j.JMeter: JMeterHome=C:\Users\ishita_nigam\Downloads\apache-jmeter-5.4.1\apache-jmeter-5.4.1
2021-07-14 13:21:16,975 INFO o.a.j.JMeter: user.dir  =C:\Users\ishita_nigam\Downloads\apache-jmeter-5.4.1\apache-jmeter-5.4.1\bin
2021-07-14 13:21:16,976 INFO o.a.j.JMeter: PWD       =C:\Users\ishita_nigam\Downloads\apache-jmeter-5.4.1\apache-jmeter-5.4.1\bin
2021-07-14 13:21:16,979 INFO o.a.j.JMeter: IP: 192.168.0.221 Name: LKO-INIGAM01 FullName: LKO-INIGAM01.cerence.net
2021-07-14 13:21:17,405 INFO o.a.j.JMeter: Setting LAF to: com.github.weisj.darklaf.DarkLaf:com.github.weisj.darklaf.theme.DarculaTheme
2021-07-14 13:21:18,822 INFO o.a.j.JMeter: Loaded icon properties from org/apache/jmeter/images/icon.properties
2021-07-14 13:21:33,641 INFO o.a.j.s.FileServer: Default base='C:\Users\ishita_nigam\Downloads\apache-jmeter-5.4.1\apache-jmeter-5.4.1\bin'
2021-07-14 13:21:33,652 INFO o.a.j.g.a.Load: Loading file: C:\Users\ishita_nigam\Downloads\apache-jmeter-5.4.1\apache-jmeter-5.4.1\bin\LoadTestScript_Ishita.jmx
2021-07-14 13:21:33,653 INFO o.a.j.s.FileServer: Set new base='C:\Users\ishita_nigam\Downloads\apache-jmeter-5.4.1\apache-jmeter-5.4.1\bin'
2021-07-14 13:21:34,077 INFO o.a.j.s.SaveService: Testplan (JMX) version: 2.2. Testlog (JTL) version: 2.2
2021-07-14 13:21:34,132 INFO o.a.j.s.SaveService: Using SaveService properties file encoding UTF-8
2021-07-14 13:21:34,136 INFO o.a.j.s.SaveService: Using SaveService properties version 5.0
2021-07-14 13:21:34,144 INFO o.a.j.s.SaveService: Loading file: C:\Users\ishita_nigam\Downloads\apache-jmeter-5.4.1\apache-jmeter-5.4.1\bin\LoadTestScript_Ishita.jmx
2021-07-14 13:21:34,202 INFO o.a.j.p.h.s.HTTPSamplerBase: Parser for text/html is org.apache.jmeter.protocol.http.parser.LagartoBasedHtmlParser
2021-07-14 13:21:34,203 INFO o.a.j.p.h.s.HTTPSamplerBase: Parser for application/xhtml+xml is org.apache.jmeter.protocol.http.parser.LagartoBasedHtmlParser
2021-07-14 13:21:34,203 INFO o.a.j.p.h.s.HTTPSamplerBase: Parser for application/xml is org.apache.jmeter.protocol.http.parser.LagartoBasedHtmlParser
2021-07-14 13:21:34,204 INFO o.a.j.p.h.s.HTTPSamplerBase: Parser for text/xml is org.apache.jmeter.protocol.http.parser.LagartoBasedHtmlParser
2021-07-14 13:21:34,204 INFO o.a.j.p.h.s.HTTPSamplerBase: Parser for text/vnd.wap.wml is org.apache.jmeter.protocol.http.parser.RegexpHTMLParser
2021-07-14 13:21:34,204 INFO o.a.j.p.h.s.HTTPSamplerBase: Parser for text/css is org.apache.jmeter.protocol.http.parser.CssParser
2021-07-14 13:21:34,668 INFO o.a.j.s.SampleResult: Note: Sample TimeStamps are START times
2021-07-14 13:21:34,669 INFO o.a.j.s.SampleResult: sampleresult.default.encoding is set to ISO-8859-1
2021-07-14 13:21:34,669 INFO o.a.j.s.SampleResult: sampleresult.useNanoTime=true
2021-07-14 13:21:34,669 INFO o.a.j.s.SampleResult: sampleresult.nanoThreadSleep=5000
2021-07-14 13:21:35,200 INFO o.a.j.s.FileServer: Set new base='C:\Users\ishita_nigam\Downloads\apache-jmeter-5.4.1\apache-jmeter-5.4.1\bin'
